This file contains any messages produced by compilers while
running configure, to aid debugging if configure makes a mistake.

It was created by Protocol Buffers configure 2.5.0, which was
generated by GNU Autoconf 2.66.  Invocation command line was

  $ ./configure --prefix=/home/HaustWang/Push/server/opensource/libs

## --------- ##
## Platform. ##
## --------- ##

hostname = LOCAL-203-207.boyaa.com
uname -m = x86_64
uname -r = 2.6.18-402.el5
uname -s = Linux
uname -v = #1 SMP Tue Feb 10 17:49:04 EST 2015

/usr/bin/uname -p = unknown
/bin/uname -X     = unknown

/bin/arch              = x86_64
/usr/bin/arch -k       = unknown
/usr/convex/getsysinfo = unknown
/usr/bin/hostinfo      = unknown
/bin/machine           = unknown
/usr/bin/oslevel       = unknown
/bin/universe          = unknown

PATH: /bin
PATH: /sbin
PATH: /usr/bin
PATH: /usr/sbin
PATH: /usr/local/bin
PATH: /usr/local/sbin
PATH: /home/HaustWang/bin
PATH: /home/HaustWang/cmake-3.6.1-Linux-x86_64/bin/
PATH: /home/HaustWang/bin


## ----------- ##
## Core tests. ##
## ----------- ##

configure:2445: checking whether to disable maintainer-specific portions of Makefiles
configure:2454: result: yes
configure:2515: checking build system type
configure:2529: result: x86_64-unknown-linux-gnu
configure:2549: checking host system type
configure:2562: result: x86_64-unknown-linux-gnu
configure:2582: checking target system type
configure:2595: result: x86_64-unknown-linux-gnu
configure:2638: checking for a BSD-compatible install
configure:2706: result: /usr/bin/install -c
configure:2717: checking whether build environment is sane
configure:2767: result: yes
configure:2908: checking for a thread-safe mkdir -p
configure:2947: result: /bin/mkdir -p
configure:2960: checking for gawk
configure:2976: found /bin/gawk
configure:2987: result: gawk
configure:2998: checking whether make sets $(MAKE)
configure:3020: result: yes
configure:3168: checking for gcc
configure:3184: found /usr/bin/gcc
configure:3195: result: gcc
configure:3424: checking for C compiler version
configure:3433: gcc --version >&5
gcc (GCC) 4.1.2 20080704 (Red Hat 4.1.2-55)
Copyright (C) 2006 Free Software Foundation, Inc.
This is free software; see the source for copying conditions.  There is NO
warranty; not even for MERCHANTABILITY or FITNESS FOR A PARTICULAR PURPOSE.

configure:3444: $? = 0
configure:3433: gcc -v >&5
Using built-in specs.
Target: x86_64-redhat-linux
Configured with: ../configure --prefix=/usr --mandir=/usr/share/man --infodir=/usr/share/info --enable-shared --enable-threads=posix --enable-checking=release --with-system-zlib --enable-__cxa_atexit --disable-libunwind-exceptions --enable-libgcj-multifile --enable-languages=c,c++,objc,obj-c++,java,fortran,ada --enable-java-awt=gtk --disable-dssi --disable-plugin --with-java-home=/usr/lib/jvm/java-1.4.2-gcj-1.4.2.0/jre --with-cpu=generic --host=x86_64-redhat-linux
Thread model: posix
gcc version 4.1.2 20080704 (Red Hat 4.1.2-55)
configure:3444: $? = 0
configure:3433: gcc -V >&5
gcc: '-V' option must have argument
configure:3444: $? = 1
configure:3433: gcc -qversion >&5
gcc: unrecognized option '-qversion'
gcc: no input files
configure:3444: $? = 1
configure:3464: checking whether the C compiler works
configure:3486: gcc    conftest.c  >&5
configure:3490: $? = 0
configure:3538: result: yes
configure:3541: checking for C compiler default output file name
configure:3543: result: a.out
configure:3549: checking for suffix of executables
configure:3556: gcc -o conftest    conftest.c  >&5
configure:3560: $? = 0
configure:3582: result: 
configure:3604: checking whether we are cross compiling
configure:3612: gcc -o conftest    conftest.c  >&5
configure:3616: $? = 0
configure:3623: ./conftest
configure:3627: $? = 0
configure:3642: result: no
configure:3647: checking for suffix of object files
configure:3669: gcc -c   conftest.c >&5
configure:3673: $? = 0
configure:3694: result: o
configure:3698: checking whether we are using the GNU C compiler
configure:3717: gcc -c   conftest.c >&5
configure:3717: $? = 0
configure:3726: result: yes
configure:3735: checking whether gcc accepts -g
configure:3755: gcc -c -g  conftest.c >&5
configure:3755: $? = 0
configure:3796: result: yes
configure:3813: checking for gcc option to accept ISO C89
configure:3877: gcc  -c   conftest.c >&5
configure:3877: $? = 0
configure:3890: result: none needed
configure:3921: checking for style of include used by make
configure:3949: result: GNU
configure:3974: checking dependency style of gcc
configure:4084: result: gcc3
configure:4157: checking for g++
configure:4173: found /usr/bin/g++
configure:4184: result: g++
configure:4211: checking for C++ compiler version
configure:4220: g++ --version >&5
g++ (GCC) 4.1.2 20080704 (Red Hat 4.1.2-55)
Copyright (C) 2006 Free Software Foundation, Inc.
This is free software; see the source for copying conditions.  There is NO
warranty; not even for MERCHANTABILITY or FITNESS FOR A PARTICULAR PURPOSE.

configure:4231: $? = 0
configure:4220: g++ -v >&5
Using built-in specs.
Target: x86_64-redhat-linux
Configured with: ../configure --prefix=/usr --mandir=/usr/share/man --infodir=/usr/share/info --enable-shared --enable-threads=posix --enable-checking=release --with-system-zlib --enable-__cxa_atexit --disable-libunwind-exceptions --enable-libgcj-multifile --enable-languages=c,c++,objc,obj-c++,java,fortran,ada --enable-java-awt=gtk --disable-dssi --disable-plugin --with-java-home=/usr/lib/jvm/java-1.4.2-gcj-1.4.2.0/jre --with-cpu=generic --host=x86_64-redhat-linux
Thread model: posix
gcc version 4.1.2 20080704 (Red Hat 4.1.2-55)
configure:4231: $? = 0
configure:4220: g++ -V >&5
g++: '-V' option must have argument
configure:4231: $? = 1
configure:4220: g++ -qversion >&5
g++: unrecognized option '-qversion'
g++: no input files
configure:4231: $? = 1
configure:4235: checking whether we are using the GNU C++ compiler
configure:4254: g++ -c   conftest.cpp >&5
configure:4254: $? = 0
configure:4263: result: yes
configure:4272: checking whether g++ accepts -g
configure:4292: g++ -c -g  conftest.cpp >&5
configure:4292: $? = 0
configure:4333: result: yes
configure:4358: checking dependency style of g++
configure:4468: result: gcc3
configure:4495: checking how to run the C++ preprocessor
configure:4522: g++ -E  conftest.cpp
configure:4522: $? = 0
configure:4536: g++ -E  conftest.cpp
conftest.cpp:11:28: error: ac_nonexistent.h: No such file or directory
configure:4536: $? = 1
configure: failed program was:
| /* confdefs.h */
| #define PACKAGE_NAME "Protocol Buffers"
| #define PACKAGE_TARNAME "protobuf"
| #define PACKAGE_VERSION "2.5.0"
| #define PACKAGE_STRING "Protocol Buffers 2.5.0"
| #define PACKAGE_BUGREPORT "protobuf@googlegroups.com"
| #define PACKAGE_URL ""
| #define PACKAGE "protobuf"
| #define VERSION "2.5.0"
| /* end confdefs.h.  */
| #include <ac_nonexistent.h>
configure:4561: result: g++ -E
configure:4581: g++ -E  conftest.cpp
configure:4581: $? = 0
configure:4595: g++ -E  conftest.cpp
conftest.cpp:11:28: error: ac_nonexistent.h: No such file or directory
configure:4595: $? = 1
configure: failed program was:
| /* confdefs.h */
| #define PACKAGE_NAME "Protocol Buffers"
| #define PACKAGE_TARNAME "protobuf"
| #define PACKAGE_VERSION "2.5.0"
| #define PACKAGE_STRING "Protocol Buffers 2.5.0"
| #define PACKAGE_BUGREPORT "protobuf@googlegroups.com"
| #define PACKAGE_URL ""
| #define PACKAGE "protobuf"
| #define VERSION "2.5.0"
| /* end confdefs.h.  */
| #include <ac_nonexistent.h>
configure:4624: checking for grep that handles long lines and -e
configure:4682: result: /bin/grep
configure:4687: checking for egrep
configure:4749: result: /bin/grep -E
configure:4754: checking for ANSI C header files
configure:4774: g++ -c   conftest.cpp >&5
configure:4774: $? = 0
configure:4847: g++ -o conftest    conftest.cpp  >&5
configure:4847: $? = 0
configure:4847: ./conftest
configure:4847: $? = 0
configure:4858: result: yes
configure:4871: checking for sys/types.h
configure:4871: g++ -c   conftest.cpp >&5
configure:4871: $? = 0
configure:4871: result: yes
configure:4871: checking for sys/stat.h
configure:4871: g++ -c   conftest.cpp >&5
configure:4871: $? = 0
configure:4871: result: yes
configure:4871: checking for stdlib.h
configure:4871: g++ -c   conftest.cpp >&5
configure:4871: $? = 0
configure:4871: result: yes
configure:4871: checking for string.h
configure:4871: g++ -c   conftest.cpp >&5
configure:4871: $? = 0
configure:4871: result: yes
configure:4871: checking for memory.h
configure:4871: g++ -c   conftest.cpp >&5
configure:4871: $? = 0
configure:4871: result: yes
configure:4871: checking for strings.h
configure:4871: g++ -c   conftest.cpp >&5
configure:4871: $? = 0
configure:4871: result: yes
configure:4871: checking for inttypes.h
configure:4871: g++ -c   conftest.cpp >&5
configure:4871: $? = 0
configure:4871: result: yes
configure:4871: checking for stdint.h
configure:4871: g++ -c   conftest.cpp >&5
configure:4871: $? = 0
configure:4871: result: yes
configure:4871: checking for unistd.h
configure:4871: g++ -c   conftest.cpp >&5
configure:4871: $? = 0
configure:4871: result: yes
configure:4884: checking minix/config.h usability
configure:4884: g++ -c   conftest.cpp >&5
conftest.cpp:54:26: error: minix/config.h: No such file or directory
configure:4884: $? = 1
configure: failed program was:
| /* confdefs.h */
| #define PACKAGE_NAME "Protocol Buffers"
| #define PACKAGE_TARNAME "protobuf"
| #define PACKAGE_VERSION "2.5.0"
| #define PACKAGE_STRING "Protocol Buffers 2.5.0"
| #define PACKAGE_BUGREPORT "protobuf@googlegroups.com"
| #define PACKAGE_URL ""
| #define PACKAGE "protobuf"
| #define VERSION "2.5.0"
| #define STDC_HEADERS 1
| #define HAVE_SYS_TYPES_H 1
| #define HAVE_SYS_STAT_H 1
| #define HAVE_STDLIB_H 1
| #define HAVE_STRING_H 1
| #define HAVE_MEMORY_H 1
| #define HAVE_STRINGS_H 1
| #define HAVE_INTTYPES_H 1
| #define HAVE_STDINT_H 1
| #define HAVE_UNISTD_H 1
| /* end confdefs.h.  */
| #include <stdio.h>
| #ifdef HAVE_SYS_TYPES_H
| # include <sys/types.h>
| #endif
| #ifdef HAVE_SYS_STAT_H
| # include <sys/stat.h>
| #endif
| #ifdef STDC_HEADERS
| # include <stdlib.h>
| # include <stddef.h>
| #else
| # ifdef HAVE_STDLIB_H
| #  include <stdlib.h>
| # endif
| #endif
| #ifdef HAVE_STRING_H
| # if !defined STDC_HEADERS && defined HAVE_MEMORY_H
| #  include <memory.h>
| # endif
| # include <string.h>
| #endif
| #ifdef HAVE_STRINGS_H
| # include <strings.h>
| #endif
| #ifdef HAVE_INTTYPES_H
| # include <inttypes.h>
| #endif
| #ifdef HAVE_STDINT_H
| # include <stdint.h>
| #endif
| #ifdef HAVE_UNISTD_H
| # include <unistd.h>
| #endif
| #include <minix/config.h>
configure:4884: result: no
configure:4884: checking minix/config.h presence
configure:4884: g++ -E  conftest.cpp
conftest.cpp:21:26: error: minix/config.h: No such file or directory
configure:4884: $? = 1
configure: failed program was:
| /* confdefs.h */
| #define PACKAGE_NAME "Protocol Buffers"
| #define PACKAGE_TARNAME "protobuf"
| #define PACKAGE_VERSION "2.5.0"
| #define PACKAGE_STRING "Protocol Buffers 2.5.0"
| #define PACKAGE_BUGREPORT "protobuf@googlegroups.com"
| #define PACKAGE_URL ""
| #define PACKAGE "protobuf"
| #define VERSION "2.5.0"
| #define STDC_HEADERS 1
| #define HAVE_SYS_TYPES_H 1
| #define HAVE_SYS_STAT_H 1
| #define HAVE_STDLIB_H 1
| #define HAVE_STRING_H 1
| #define HAVE_MEMORY_H 1
| #define HAVE_STRINGS_H 1
| #define HAVE_INTTYPES_H 1
| #define HAVE_STDINT_H 1
| #define HAVE_UNISTD_H 1
| /* end confdefs.h.  */
| #include <minix/config.h>
configure:4884: result: no
configure:4884: checking for minix/config.h
configure:4884: result: no
configure:4905: checking whether it is safe to define __EXTENSIONS__
configure:4923: g++ -c   conftest.cpp >&5
configure:4923: $? = 0
configure:4930: result: yes
configure:4959: checking C++ compiler flags...
configure:4975: result: use default: -O2  -g -DNDEBUG
configure:4995: checking whether __SUNPRO_CC is declared
configure:4995: g++ -c  -g -DNDEBUG  conftest.cpp >&5
conftest.cpp: In function 'int main()':
conftest.cpp:64: error: '__SUNPRO_CC' was not declared in this scope
configure:4995: $? = 1
configure: failed program was:
| /* confdefs.h */
| #define PACKAGE_NAME "Protocol Buffers"
| #define PACKAGE_TARNAME "protobuf"
| #define PACKAGE_VERSION "2.5.0"
| #define PACKAGE_STRING "Protocol Buffers 2.5.0"
| #define PACKAGE_BUGREPORT "protobuf@googlegroups.com"
| #define PACKAGE_URL ""
| #define PACKAGE "protobuf"
| #define VERSION "2.5.0"
| #define STDC_HEADERS 1
| #define HAVE_SYS_TYPES_H 1
| #define HAVE_SYS_STAT_H 1
| #define HAVE_STDLIB_H 1
| #define HAVE_STRING_H 1
| #define HAVE_MEMORY_H 1
| #define HAVE_STRINGS_H 1
| #define HAVE_INTTYPES_H 1
| #define HAVE_STDINT_H 1
| #define HAVE_UNISTD_H 1
| #define __EXTENSIONS__ 1
| #define _ALL_SOURCE 1
| #define _GNU_SOURCE 1
| #define _POSIX_PTHREAD_SEMANTICS 1
| #define _TANDEM_SOURCE 1
| /* end confdefs.h.  */
| #include <stdio.h>
| #ifdef HAVE_SYS_TYPES_H
| # include <sys/types.h>
| #endif
| #ifdef HAVE_SYS_STAT_H
| # include <sys/stat.h>
| #endif
| #ifdef STDC_HEADERS
| # include <stdlib.h>
| # include <stddef.h>
| #else
| # ifdef HAVE_STDLIB_H
| #  include <stdlib.h>
| # endif
| #endif
| #ifdef HAVE_STRING_H
| # if !defined STDC_HEADERS && defined HAVE_MEMORY_H
| #  include <memory.h>
| # endif
| # include <string.h>
| #endif
| #ifdef HAVE_STRINGS_H
| # include <strings.h>
| #endif
| #ifdef HAVE_INTTYPES_H
| # include <inttypes.h>
| #endif
| #ifdef HAVE_STDINT_H
| # include <stdint.h>
| #endif
| #ifdef HAVE_UNISTD_H
| # include <unistd.h>
| #endif
| int
| main ()
| {
| #ifndef __SUNPRO_CC
| #ifdef __cplusplus
|   (void) __SUNPRO_CC;
| #else
|   (void) __SUNPRO_CC;
| #endif
| #endif
| 
|   ;
|   return 0;
| }
configure:4995: result: no
configure:5167: checking how to print strings
configure:5194: result: printf
configure:5215: checking for a sed that does not truncate output
configure:5279: result: /bin/sed
configure:5297: checking for fgrep
configure:5359: result: /bin/grep -F
configure:5394: checking for ld used by gcc
configure:5461: result: /usr/bin/ld
configure:5468: checking if the linker (/usr/bin/ld) is GNU ld
configure:5483: result: yes
configure:5495: checking for BSD- or MS-compatible name lister (nm)
configure:5544: result: /usr/bin/nm -B
configure:5674: checking the name lister (/usr/bin/nm -B) interface
configure:5681: g++ -c  -g -DNDEBUG  conftest.cpp >&5
configure:5684: /usr/bin/nm -B "conftest.o"
configure:5687: output
0000000000000000 B some_variable
configure:5694: result: BSD nm
configure:5697: checking whether ln -s works
configure:5701: result: yes
configure:5709: checking the maximum length of command line arguments
configure:5839: result: 98304
configure:5856: checking whether the shell understands some XSI constructs
configure:5866: result: yes
configure:5870: checking whether the shell understands "+="
configure:5876: result: yes
configure:5911: checking how to convert x86_64-unknown-linux-gnu file names to x86_64-unknown-linux-gnu format
configure:5951: result: func_convert_file_noop
configure:5958: checking how to convert x86_64-unknown-linux-gnu file names to toolchain format
configure:5978: result: func_convert_file_noop
configure:5985: checking for /usr/bin/ld option to reload object files
configure:5992: result: -r
configure:6066: checking for objdump
configure:6082: found /usr/bin/objdump
configure:6093: result: objdump
configure:6125: checking how to recognize dependent libraries
configure:6327: result: pass_all
configure:6412: checking for dlltool
configure:6442: result: no
configure:6472: checking how to associate runtime and link libraries
configure:6499: result: printf %s\n
configure:6559: checking for ar
configure:6575: found /usr/bin/ar
configure:6586: result: ar
configure:6623: checking for archiver @FILE support
configure:6640: g++ -c  -g -DNDEBUG  conftest.cpp >&5
configure:6640: $? = 0
configure:6643: ar cru libconftest.a @conftest.lst >&5
configure:6646: $? = 0
configure:6651: ar cru libconftest.a @conftest.lst >&5
ar: conftest.o: No such file or directory
configure:6654: $? = 1
configure:6666: result: @
configure:6724: checking for strip
configure:6740: found /usr/bin/strip
configure:6751: result: strip
configure:6823: checking for ranlib
configure:6839: found /usr/bin/ranlib
configure:6850: result: ranlib
configure:6952: checking command to parse /usr/bin/nm -B output from gcc object
configure:7072: g++ -c  -g -DNDEBUG  conftest.cpp >&5
configure:7075: $? = 0
configure:7079: /usr/bin/nm -B conftest.o \| sed -n -e 's/^.*[ ]\([ABCDGIRSTW][ABCDGIRSTW]*\)[ ][ ]*\([_A-Za-z][_A-Za-z0-9]*\)$/\1 \2 \2/p' | sed '/ __gnu_lto/d' \> conftest.nm
configure:7082: $? = 0
configure:7148: g++ -o conftest  -g -DNDEBUG   conftest.cpp conftstm.o >&5
configure:7151: $? = 0
configure:7189: result: ok
configure:7226: checking for sysroot
configure:7256: result: no
configure:7334: g++ -c  -g -DNDEBUG  conftest.cpp >&5
configure:7337: $? = 0
configure:7513: checking for mt
configure:7543: result: no
configure:7563: checking if : is a manifest tool
configure:7569: : '-?'
configure:7577: result: no
configure:8216: checking for dlfcn.h
configure:8216: g++ -c  -g -DNDEBUG  conftest.cpp >&5
configure:8216: $? = 0
configure:8216: result: yes
configure:8432: checking for objdir
configure:8447: result: .libs
configure:8718: checking if gcc supports -fno-rtti -fno-exceptions
configure:8736: gcc -c   -fno-rtti -fno-exceptions conftest.c >&5
cc1: warning: command line option "-fno-rtti" is valid for C++/ObjC++ but not for C
configure:8740: $? = 0
configure:8753: result: no
configure:9080: checking for gcc option to produce PIC
configure:9087: result: -fPIC -DPIC
configure:9095: checking if gcc PIC flag -fPIC -DPIC works
configure:9113: gcc -c   -fPIC -DPIC -DPIC conftest.c >&5
configure:9117: $? = 0
configure:9130: result: yes
configure:9159: checking if gcc static flag -static works
configure:9187: result: yes
configure:9202: checking if gcc supports -c -o file.o
configure:9223: gcc -c   -o out/conftest2.o conftest.c >&5
configure:9227: $? = 0
configure:9249: result: yes
configure:9257: checking if gcc supports -c -o file.o
configure:9304: result: yes
configure:9337: checking whether the gcc linker (/usr/bin/ld -m elf_x86_64) supports shared libraries
configure:10494: result: yes
configure:10531: checking whether -lc should be explicitly linked in
configure:10539: gcc -c   conftest.c >&5
configure:10542: $? = 0
configure:10557: gcc -shared  -fPIC -DPIC conftest.o  -v -Wl,-soname -Wl,conftest -o conftest 2\>\&1 \| /bin/grep  -lc  \>/dev/null 2\>\&1
configure:10560: $? = 0
configure:10574: result: no
configure:10734: checking dynamic linker characteristics
configure:11245: gcc -o conftest    -Wl,-rpath -Wl,/foo conftest.c  >&5
configure:11245: $? = 0
configure:11479: result: GNU/Linux ld.so
configure:11586: checking how to hardcode library paths into programs
configure:11611: result: immediate
configure:12151: checking whether stripping libraries is possible
configure:12156: result: yes
configure:12191: checking if libtool supports shared libraries
configure:12193: result: yes
configure:12196: checking whether to build shared libraries
configure:12217: result: yes
configure:12220: checking whether to build static libraries
configure:12224: result: yes
configure:12247: checking how to run the C++ preprocessor
configure:12313: result: g++ -E
configure:12333: g++ -E  conftest.cpp
configure:12333: $? = 0
configure:12347: g++ -E  conftest.cpp
conftest.cpp:28:28: error: ac_nonexistent.h: No such file or directory
configure:12347: $? = 1
configure: failed program was:
| /* confdefs.h */
| #define PACKAGE_NAME "Protocol Buffers"
| #define PACKAGE_TARNAME "protobuf"
| #define PACKAGE_VERSION "2.5.0"
| #define PACKAGE_STRING "Protocol Buffers 2.5.0"
| #define PACKAGE_BUGREPORT "protobuf@googlegroups.com"
| #define PACKAGE_URL ""
| #define PACKAGE "protobuf"
| #define VERSION "2.5.0"
| #define STDC_HEADERS 1
| #define HAVE_SYS_TYPES_H 1
| #define HAVE_SYS_STAT_H 1
| #define HAVE_STDLIB_H 1
| #define HAVE_STRING_H 1
| #define HAVE_MEMORY_H 1
| #define HAVE_STRINGS_H 1
| #define HAVE_INTTYPES_H 1
| #define HAVE_STDINT_H 1
| #define HAVE_UNISTD_H 1
| #define __EXTENSIONS__ 1
| #define _ALL_SOURCE 1
| #define _GNU_SOURCE 1
| #define _POSIX_PTHREAD_SEMANTICS 1
| #define _TANDEM_SOURCE 1
| #define HAVE_DLFCN_H 1
| #define LT_OBJDIR ".libs/"
| /* end confdefs.h.  */
| #include <ac_nonexistent.h>
configure:12516: checking for ld used by g++
configure:12583: result: /usr/bin/ld -m elf_x86_64
configure:12590: checking if the linker (/usr/bin/ld -m elf_x86_64) is GNU ld
configure:12605: result: yes
configure:12660: checking whether the g++ linker (/usr/bin/ld -m elf_x86_64) supports shared libraries
configure:13665: result: yes
configure:13701: g++ -c  -g -DNDEBUG  conftest.cpp >&5
configure:13704: $? = 0
configure:14224: checking for g++ option to produce PIC
configure:14231: result: -fPIC -DPIC
configure:14239: checking if g++ PIC flag -fPIC -DPIC works
configure:14257: g++ -c  -g -DNDEBUG  -fPIC -DPIC -DPIC conftest.cpp >&5
configure:14261: $? = 0
configure:14274: result: yes
configure:14297: checking if g++ static flag -static works
configure:14325: result: yes
configure:14337: checking if g++ supports -c -o file.o
configure:14358: g++ -c  -g -DNDEBUG  -o out/conftest2.o conftest.cpp >&5
configure:14362: $? = 0
configure:14384: result: yes
configure:14389: checking if g++ supports -c -o file.o
configure:14436: result: yes
configure:14466: checking whether the g++ linker (/usr/bin/ld -m elf_x86_64) supports shared libraries
configure:14505: result: yes
configure:14646: checking dynamic linker characteristics
configure:15325: result: GNU/Linux ld.so
configure:15378: checking how to hardcode library paths into programs
configure:15403: result: immediate
configure:15466: checking for ANSI C header files
configure:15570: result: yes
configure:15581: checking fcntl.h usability
configure:15581: g++ -c  -g -DNDEBUG  conftest.cpp >&5
configure:15581: $? = 0
configure:15581: result: yes
configure:15581: checking fcntl.h presence
configure:15581: g++ -E  conftest.cpp
configure:15581: $? = 0
configure:15581: result: yes
configure:15581: checking for fcntl.h
configure:15581: result: yes
configure:15581: checking for inttypes.h
configure:15581: result: yes
configure:15581: checking limits.h usability
configure:15581: g++ -c  -g -DNDEBUG  conftest.cpp >&5
configure:15581: $? = 0
configure:15581: result: yes
configure:15581: checking limits.h presence
configure:15581: g++ -E  conftest.cpp
configure:15581: $? = 0
configure:15581: result: yes
configure:15581: checking for limits.h
configure:15581: result: yes
configure:15581: checking for stdlib.h
configure:15581: result: yes
configure:15581: checking for unistd.h
configure:15581: result: yes
configure:15593: checking for working memcmp
configure:15636: g++ -o conftest  -g -DNDEBUG   conftest.cpp  >&5
configure:15636: $? = 0
configure:15636: ./conftest
configure:15636: $? = 0
configure:15646: result: yes
configure:15655: checking for working strtod
configure:15696: g++ -o conftest  -g -DNDEBUG   conftest.cpp  >&5
configure:15696: $? = 0
configure:15696: ./conftest
configure:15696: $? = 0
configure:15706: result: yes
configure:15771: checking for ftruncate
configure:15771: g++ -o conftest  -g -DNDEBUG   conftest.cpp  >&5
configure:15771: $? = 0
configure:15771: result: yes
configure:15771: checking for memset
configure:15771: g++ -o conftest  -g -DNDEBUG   conftest.cpp  >&5
configure:15771: $? = 0
configure:15771: result: yes
configure:15771: checking for mkdir
configure:15771: g++ -o conftest  -g -DNDEBUG   conftest.cpp  >&5
configure:15771: $? = 0
configure:15771: result: yes
configure:15771: checking for strchr
configure:15771: g++ -o conftest  -g -DNDEBUG   conftest.cpp  >&5
configure:15771: $? = 0
configure:15771: result: yes
configure:15771: checking for strerror
configure:15771: g++ -o conftest  -g -DNDEBUG   conftest.cpp  >&5
configure:15771: $? = 0
configure:15771: result: yes
configure:15771: checking for strtol
configure:15771: g++ -o conftest  -g -DNDEBUG   conftest.cpp  >&5
configure:15771: $? = 0
configure:15771: result: yes
configure:15785: checking zlib version
configure:15805: g++ -c  -g -DNDEBUG  conftest.cpp >&5
configure:15805: $? = 0
configure:15807: result: ok (1.2.0.4 or later)
configure:15811: checking for library containing zlibVersion
configure:15842: g++ -o conftest  -g -DNDEBUG   conftest.cpp  >&5
/tmp/ccig91Q2.o: In function `main':
/home/HaustWang/Push/server/opensource/protobuf-2.5.0/conftest.cpp:51: undefined reference to `zlibVersion'
collect2: ld returned 1 exit status
configure:15842: $? = 1
configure: failed program was:
| /* confdefs.h */
| #define PACKAGE_NAME "Protocol Buffers"
| #define PACKAGE_TARNAME "protobuf"
| #define PACKAGE_VERSION "2.5.0"
| #define PACKAGE_STRING "Protocol Buffers 2.5.0"
| #define PACKAGE_BUGREPORT "protobuf@googlegroups.com"
| #define PACKAGE_URL ""
| #define PACKAGE "protobuf"
| #define VERSION "2.5.0"
| #define STDC_HEADERS 1
| #define HAVE_SYS_TYPES_H 1
| #define HAVE_SYS_STAT_H 1
| #define HAVE_STDLIB_H 1
| #define HAVE_STRING_H 1
| #define HAVE_MEMORY_H 1
| #define HAVE_STRINGS_H 1
| #define HAVE_INTTYPES_H 1
| #define HAVE_STDINT_H 1
| #define HAVE_UNISTD_H 1
| #define __EXTENSIONS__ 1
| #define _ALL_SOURCE 1
| #define _GNU_SOURCE 1
| #define _POSIX_PTHREAD_SEMANTICS 1
| #define _TANDEM_SOURCE 1
| #define HAVE_DLFCN_H 1
| #define LT_OBJDIR ".libs/"
| #define STDC_HEADERS 1
| #define HAVE_FCNTL_H 1
| #define HAVE_INTTYPES_H 1
| #define HAVE_LIMITS_H 1
| #define HAVE_STDLIB_H 1
| #define HAVE_UNISTD_H 1
| #define HAVE_FTRUNCATE 1
| #define HAVE_MEMSET 1
| #define HAVE_MKDIR 1
| #define HAVE_STRCHR 1
| #define HAVE_STRERROR 1
| #define HAVE_STRTOL 1
| /* end confdefs.h.  */
| 
| /* Override any GCC internal prototype to avoid an error.
|    Use char because int might match the return type of a GCC
|    builtin and then its argument prototype would still apply.  */
| #ifdef __cplusplus
| extern "C"
| #endif
| char zlibVersion ();
| int
| main ()
| {
| return zlibVersion ();
|   ;
|   return 0;
| }
configure:15842: g++ -o conftest  -g -DNDEBUG   conftest.cpp -lz   >&5
configure:15842: $? = 0
configure:15859: result: -lz
configure:16110: checking for the pthreads library -lpthreads
configure:16143: gcc -o conftest     conftest.c -lpthreads -lz  >&5
/usr/bin/ld: cannot find -lpthreads
collect2: ld returned 1 exit status
configure:16143: $? = 1
configure: failed program was:
| /* confdefs.h */
| #define PACKAGE_NAME "Protocol Buffers"
| #define PACKAGE_TARNAME "protobuf"
| #define PACKAGE_VERSION "2.5.0"
| #define PACKAGE_STRING "Protocol Buffers 2.5.0"
| #define PACKAGE_BUGREPORT "protobuf@googlegroups.com"
| #define PACKAGE_URL ""
| #define PACKAGE "protobuf"
| #define VERSION "2.5.0"
| #define STDC_HEADERS 1
| #define HAVE_SYS_TYPES_H 1
| #define HAVE_SYS_STAT_H 1
| #define HAVE_STDLIB_H 1
| #define HAVE_STRING_H 1
| #define HAVE_MEMORY_H 1
| #define HAVE_STRINGS_H 1
| #define HAVE_INTTYPES_H 1
| #define HAVE_STDINT_H 1
| #define HAVE_UNISTD_H 1
| #define __EXTENSIONS__ 1
| #define _ALL_SOURCE 1
| #define _GNU_SOURCE 1
| #define _POSIX_PTHREAD_SEMANTICS 1
| #define _TANDEM_SOURCE 1
| #define HAVE_DLFCN_H 1
| #define LT_OBJDIR ".libs/"
| #define STDC_HEADERS 1
| #define HAVE_FCNTL_H 1
| #define HAVE_INTTYPES_H 1
| #define HAVE_LIMITS_H 1
| #define HAVE_STDLIB_H 1
| #define HAVE_UNISTD_H 1
| #define HAVE_FTRUNCATE 1
| #define HAVE_MEMSET 1
| #define HAVE_MKDIR 1
| #define HAVE_STRCHR 1
| #define HAVE_STRERROR 1
| #define HAVE_STRTOL 1
| #define HAVE_ZLIB 1
| /* end confdefs.h.  */
| #include <pthread.h>
| int
| main ()
| {
| pthread_t th; pthread_join(th, 0);
|                      pthread_attr_init(0); pthread_cleanup_push(0, 0);
|                      pthread_create(0,0,0,0); pthread_cleanup_pop(0);
|   ;
|   return 0;
| }
configure:16152: result: no
configure:16055: checking whether pthreads work without any flags
configure:16143: gcc -o conftest     conftest.c  -lz  >&5
/tmp/ccAp9bDU.o: In function `main':
conftest.c:(.text+0x15): undefined reference to `pthread_join'
conftest.c:(.text+0x6f): undefined reference to `__pthread_register_cancel'
conftest.c:(.text+0x88): undefined reference to `pthread_create'
conftest.c:(.text+0x94): undefined reference to `__pthread_unregister_cancel'
collect2: ld returned 1 exit status
configure:16143: $? = 1
configure: failed program was:
| /* confdefs.h */
| #define PACKAGE_NAME "Protocol Buffers"
| #define PACKAGE_TARNAME "protobuf"
| #define PACKAGE_VERSION "2.5.0"
| #define PACKAGE_STRING "Protocol Buffers 2.5.0"
| #define PACKAGE_BUGREPORT "protobuf@googlegroups.com"
| #define PACKAGE_URL ""
| #define PACKAGE "protobuf"
| #define VERSION "2.5.0"
| #define STDC_HEADERS 1
| #define HAVE_SYS_TYPES_H 1
| #define HAVE_SYS_STAT_H 1
| #define HAVE_STDLIB_H 1
| #define HAVE_STRING_H 1
| #define HAVE_MEMORY_H 1
| #define HAVE_STRINGS_H 1
| #define HAVE_INTTYPES_H 1
| #define HAVE_STDINT_H 1
| #define HAVE_UNISTD_H 1
| #define __EXTENSIONS__ 1
| #define _ALL_SOURCE 1
| #define _GNU_SOURCE 1
| #define _POSIX_PTHREAD_SEMANTICS 1
| #define _TANDEM_SOURCE 1
| #define HAVE_DLFCN_H 1
| #define LT_OBJDIR ".libs/"
| #define STDC_HEADERS 1
| #define HAVE_FCNTL_H 1
| #define HAVE_INTTYPES_H 1
| #define HAVE_LIMITS_H 1
| #define HAVE_STDLIB_H 1
| #define HAVE_UNISTD_H 1
| #define HAVE_FTRUNCATE 1
| #define HAVE_MEMSET 1
| #define HAVE_MKDIR 1
| #define HAVE_STRCHR 1
| #define HAVE_STRERROR 1
| #define HAVE_STRTOL 1
| #define HAVE_ZLIB 1
| /* end confdefs.h.  */
| #include <pthread.h>
| int
| main ()
| {
| pthread_t th; pthread_join(th, 0);
|                      pthread_attr_init(0); pthread_cleanup_push(0, 0);
|                      pthread_create(0,0,0,0); pthread_cleanup_pop(0);
|   ;
|   return 0;
| }
configure:16152: result: no
configure:16060: checking whether pthreads work with -Kthread
configure:16143: gcc -o conftest  -Kthread   conftest.c  -lz  >&5
gcc: unrecognized option '-Kthread'
/tmp/ccq7fwad.o: In function `main':
conftest.c:(.text+0x15): undefined reference to `pthread_join'
conftest.c:(.text+0x6f): undefined reference to `__pthread_register_cancel'
conftest.c:(.text+0x88): undefined reference to `pthread_create'
conftest.c:(.text+0x94): undefined reference to `__pthread_unregister_cancel'
collect2: ld returned 1 exit status
configure:16143: $? = 1
configure: failed program was:
| /* confdefs.h */
| #define PACKAGE_NAME "Protocol Buffers"
| #define PACKAGE_TARNAME "protobuf"
| #define PACKAGE_VERSION "2.5.0"
| #define PACKAGE_STRING "Protocol Buffers 2.5.0"
| #define PACKAGE_BUGREPORT "protobuf@googlegroups.com"
| #define PACKAGE_URL ""
| #define PACKAGE "protobuf"
| #define VERSION "2.5.0"
| #define STDC_HEADERS 1
| #define HAVE_SYS_TYPES_H 1
| #define HAVE_SYS_STAT_H 1
| #define HAVE_STDLIB_H 1
| #define HAVE_STRING_H 1
| #define HAVE_MEMORY_H 1
| #define HAVE_STRINGS_H 1
| #define HAVE_INTTYPES_H 1
| #define HAVE_STDINT_H 1
| #define HAVE_UNISTD_H 1
| #define __EXTENSIONS__ 1
| #define _ALL_SOURCE 1
| #define _GNU_SOURCE 1
| #define _POSIX_PTHREAD_SEMANTICS 1
| #define _TANDEM_SOURCE 1
| #define HAVE_DLFCN_H 1
| #define LT_OBJDIR ".libs/"
| #define STDC_HEADERS 1
| #define HAVE_FCNTL_H 1
| #define HAVE_INTTYPES_H 1
| #define HAVE_LIMITS_H 1
| #define HAVE_STDLIB_H 1
| #define HAVE_UNISTD_H 1
| #define HAVE_FTRUNCATE 1
| #define HAVE_MEMSET 1
| #define HAVE_MKDIR 1
| #define HAVE_STRCHR 1
| #define HAVE_STRERROR 1
| #define HAVE_STRTOL 1
| #define HAVE_ZLIB 1
| /* end confdefs.h.  */
| #include <pthread.h>
| int
| main ()
| {
| pthread_t th; pthread_join(th, 0);
|                      pthread_attr_init(0); pthread_cleanup_push(0, 0);
|                      pthread_create(0,0,0,0); pthread_cleanup_pop(0);
|   ;
|   return 0;
| }
configure:16152: result: no
configure:16060: checking whether pthreads work with -kthread
configure:16143: gcc -o conftest  -kthread   conftest.c  -lz  >&5
gcc: unrecognized option '-kthread'
/tmp/cclpPMEj.o: In function `main':
conftest.c:(.text+0x15): undefined reference to `pthread_join'
conftest.c:(.text+0x6f): undefined reference to `__pthread_register_cancel'
conftest.c:(.text+0x88): undefined reference to `pthread_create'
conftest.c:(.text+0x94): undefined reference to `__pthread_unregister_cancel'
collect2: ld returned 1 exit status
configure:16143: $? = 1
configure: failed program was:
| /* confdefs.h */
| #define PACKAGE_NAME "Protocol Buffers"
| #define PACKAGE_TARNAME "protobuf"
| #define PACKAGE_VERSION "2.5.0"
| #define PACKAGE_STRING "Protocol Buffers 2.5.0"
| #define PACKAGE_BUGREPORT "protobuf@googlegroups.com"
| #define PACKAGE_URL ""
| #define PACKAGE "protobuf"
| #define VERSION "2.5.0"
| #define STDC_HEADERS 1
| #define HAVE_SYS_TYPES_H 1
| #define HAVE_SYS_STAT_H 1
| #define HAVE_STDLIB_H 1
| #define HAVE_STRING_H 1
| #define HAVE_MEMORY_H 1
| #define HAVE_STRINGS_H 1
| #define HAVE_INTTYPES_H 1
| #define HAVE_STDINT_H 1
| #define HAVE_UNISTD_H 1
| #define __EXTENSIONS__ 1
| #define _ALL_SOURCE 1
| #define _GNU_SOURCE 1
| #define _POSIX_PTHREAD_SEMANTICS 1
| #define _TANDEM_SOURCE 1
| #define HAVE_DLFCN_H 1
| #define LT_OBJDIR ".libs/"
| #define STDC_HEADERS 1
| #define HAVE_FCNTL_H 1
| #define HAVE_INTTYPES_H 1
| #define HAVE_LIMITS_H 1
| #define HAVE_STDLIB_H 1
| #define HAVE_UNISTD_H 1
| #define HAVE_FTRUNCATE 1
| #define HAVE_MEMSET 1
| #define HAVE_MKDIR 1
| #define HAVE_STRCHR 1
| #define HAVE_STRERROR 1
| #define HAVE_STRTOL 1
| #define HAVE_ZLIB 1
| /* end confdefs.h.  */
| #include <pthread.h>
| int
| main ()
| {
| pthread_t th; pthread_join(th, 0);
|                      pthread_attr_init(0); pthread_cleanup_push(0, 0);
|                      pthread_create(0,0,0,0); pthread_cleanup_pop(0);
|   ;
|   return 0;
| }
configure:16152: result: no
configure:16110: checking for the pthreads library -llthread
configure:16143: gcc -o conftest     conftest.c -llthread -lz  >&5
/usr/bin/ld: cannot find -llthread
collect2: ld returned 1 exit status
configure:16143: $? = 1
configure: failed program was:
| /* confdefs.h */
| #define PACKAGE_NAME "Protocol Buffers"
| #define PACKAGE_TARNAME "protobuf"
| #define PACKAGE_VERSION "2.5.0"
| #define PACKAGE_STRING "Protocol Buffers 2.5.0"
| #define PACKAGE_BUGREPORT "protobuf@googlegroups.com"
| #define PACKAGE_URL ""
| #define PACKAGE "protobuf"
| #define VERSION "2.5.0"
| #define STDC_HEADERS 1
| #define HAVE_SYS_TYPES_H 1
| #define HAVE_SYS_STAT_H 1
| #define HAVE_STDLIB_H 1
| #define HAVE_STRING_H 1
| #define HAVE_MEMORY_H 1
| #define HAVE_STRINGS_H 1
| #define HAVE_INTTYPES_H 1
| #define HAVE_STDINT_H 1
| #define HAVE_UNISTD_H 1
| #define __EXTENSIONS__ 1
| #define _ALL_SOURCE 1
| #define _GNU_SOURCE 1
| #define _POSIX_PTHREAD_SEMANTICS 1
| #define _TANDEM_SOURCE 1
| #define HAVE_DLFCN_H 1
| #define LT_OBJDIR ".libs/"
| #define STDC_HEADERS 1
| #define HAVE_FCNTL_H 1
| #define HAVE_INTTYPES_H 1
| #define HAVE_LIMITS_H 1
| #define HAVE_STDLIB_H 1
| #define HAVE_UNISTD_H 1
| #define HAVE_FTRUNCATE 1
| #define HAVE_MEMSET 1
| #define HAVE_MKDIR 1
| #define HAVE_STRCHR 1
| #define HAVE_STRERROR 1
| #define HAVE_STRTOL 1
| #define HAVE_ZLIB 1
| /* end confdefs.h.  */
| #include <pthread.h>
| int
| main ()
| {
| pthread_t th; pthread_join(th, 0);
|                      pthread_attr_init(0); pthread_cleanup_push(0, 0);
|                      pthread_create(0,0,0,0); pthread_cleanup_pop(0);
|   ;
|   return 0;
| }
configure:16152: result: no
configure:16060: checking whether pthreads work with -pthread
configure:16143: gcc -o conftest  -pthread   conftest.c  -lz  >&5
configure:16143: $? = 0
configure:16152: result: yes
configure:16171: checking for joinable pthread attribute
configure:16186: gcc -o conftest  -pthread   conftest.c  -lz  >&5
configure:16186: $? = 0
configure:16192: result: PTHREAD_CREATE_JOINABLE
configure:16202: checking if more special flags are required for pthreads
configure:16209: result: no
configure:16298: checking whether to check for GCC pthread/shared inconsistencies
configure:16311: gcc -o conftest -shared -fPIC -Wl,-z,defs  -pthread   conftest.c  -lz  >&5
configure:16311: $? = 0
configure:16323: result: yes
configure:16329: checking whether -pthread is sufficient with -shared
configure:16344: gcc -o conftest -shared -fPIC -Wl,-z,defs  -pthread   conftest.c  -lz  >&5
configure:16344: $? = 0
configure:16351: result: yes
configure:16439: checking whether what we have so far is sufficient with -nostdlib
configure:16457: gcc -o conftest -nostdlib -shared -fPIC -Wl,-z,defs  -pthread   conftest.c  -lz  -lc >&5
/tmp/ccmHURzu.o: In function `main':
conftest.c:(.text+0x15): undefined reference to `pthread_join'
conftest.c:(.text+0x6f): undefined reference to `__pthread_register_cancel'
conftest.c:(.text+0x88): undefined reference to `pthread_create'
conftest.c:(.text+0x94): undefined reference to `__pthread_unregister_cancel'
collect2: ld returned 1 exit status
configure:16457: $? = 1
configure: failed program was:
| /* confdefs.h */
| #define PACKAGE_NAME "Protocol Buffers"
| #define PACKAGE_TARNAME "protobuf"
| #define PACKAGE_VERSION "2.5.0"
| #define PACKAGE_STRING "Protocol Buffers 2.5.0"
| #define PACKAGE_BUGREPORT "protobuf@googlegroups.com"
| #define PACKAGE_URL ""
| #define PACKAGE "protobuf"
| #define VERSION "2.5.0"
| #define STDC_HEADERS 1
| #define HAVE_SYS_TYPES_H 1
| #define HAVE_SYS_STAT_H 1
| #define HAVE_STDLIB_H 1
| #define HAVE_STRING_H 1
| #define HAVE_MEMORY_H 1
| #define HAVE_STRINGS_H 1
| #define HAVE_INTTYPES_H 1
| #define HAVE_STDINT_H 1
| #define HAVE_UNISTD_H 1
| #define __EXTENSIONS__ 1
| #define _ALL_SOURCE 1
| #define _GNU_SOURCE 1
| #define _POSIX_PTHREAD_SEMANTICS 1
| #define _TANDEM_SOURCE 1
| #define HAVE_DLFCN_H 1
| #define LT_OBJDIR ".libs/"
| #define STDC_HEADERS 1
| #define HAVE_FCNTL_H 1
| #define HAVE_INTTYPES_H 1
| #define HAVE_LIMITS_H 1
| #define HAVE_STDLIB_H 1
| #define HAVE_UNISTD_H 1
| #define HAVE_FTRUNCATE 1
| #define HAVE_MEMSET 1
| #define HAVE_MKDIR 1
| #define HAVE_STRCHR 1
| #define HAVE_STRERROR 1
| #define HAVE_STRTOL 1
| #define HAVE_ZLIB 1
| /* end confdefs.h.  */
| #include <pthread.h>
| int
| main ()
| {
| pthread_t th; pthread_join(th, 0);
| 	       pthread_attr_init(0); pthread_cleanup_push(0, 0);
| 	       pthread_create(0,0,0,0); pthread_cleanup_pop(0);
|   ;
|   return 0;
| }
configure:16469: result: no
configure:16474: checking whether -lpthread saves the day
configure:16490: gcc -o conftest -nostdlib -shared -fPIC -Wl,-z,defs  -pthread   conftest.c -lpthread  -lz  -lc >&5
configure:16490: $? = 0
configure:16499: result: yes
configure:16539: checking the location of hash_map
configure:16565: g++ -c  -g -DNDEBUG  conftest.cpp >&5
conftest.cpp:43:22: error: #error GCC too old for unordered_map
configure:16565: $? = 1
configure: failed program was:
| /* confdefs.h */
| #define PACKAGE_NAME "Protocol Buffers"
| #define PACKAGE_TARNAME "protobuf"
| #define PACKAGE_VERSION "2.5.0"
| #define PACKAGE_STRING "Protocol Buffers 2.5.0"
| #define PACKAGE_BUGREPORT "protobuf@googlegroups.com"
| #define PACKAGE_URL ""
| #define PACKAGE "protobuf"
| #define VERSION "2.5.0"
| #define STDC_HEADERS 1
| #define HAVE_SYS_TYPES_H 1
| #define HAVE_SYS_STAT_H 1
| #define HAVE_STDLIB_H 1
| #define HAVE_STRING_H 1
| #define HAVE_MEMORY_H 1
| #define HAVE_STRINGS_H 1
| #define HAVE_INTTYPES_H 1
| #define HAVE_STDINT_H 1
| #define HAVE_UNISTD_H 1
| #define __EXTENSIONS__ 1
| #define _ALL_SOURCE 1
| #define _GNU_SOURCE 1
| #define _POSIX_PTHREAD_SEMANTICS 1
| #define _TANDEM_SOURCE 1
| #define HAVE_DLFCN_H 1
| #define LT_OBJDIR ".libs/"
| #define STDC_HEADERS 1
| #define HAVE_FCNTL_H 1
| #define HAVE_INTTYPES_H 1
| #define HAVE_LIMITS_H 1
| #define HAVE_STDLIB_H 1
| #define HAVE_UNISTD_H 1
| #define HAVE_FTRUNCATE 1
| #define HAVE_MEMSET 1
| #define HAVE_MKDIR 1
| #define HAVE_STRCHR 1
| #define HAVE_STRERROR 1
| #define HAVE_STRTOL 1
| #define HAVE_ZLIB 1
| #define HAVE_PTHREAD 1
| /* end confdefs.h.  */
| #if defined(__GNUC__) && (__GNUC__ < 4 || (__GNUC__ == 4 && __GNUC_MINOR__ < 2))
|                    # error GCC too old for unordered_map
|                    #endif
| 
| int
| main ()
| {
| /* no program body necessary */
|   ;
|   return 0;
| }
configure:16611: g++ -c  -g -DNDEBUG  conftest.cpp >&5
configure:16611: $? = 0
configure:16654: result: <ext/hash_map>
configure:16815: creating ./config.status

## ---------------------- ##
## Running config.status. ##
## ---------------------- ##

This file was extended by Protocol Buffers config.status 2.5.0, which was
generated by GNU Autoconf 2.66.  Invocation command line was

  CONFIG_FILES    = 
  CONFIG_HEADERS  = 
  CONFIG_LINKS    = 
  CONFIG_COMMANDS = 
  $ ./config.status 

on LOCAL-203-207.boyaa.com

config.status:1191: creating Makefile
config.status:1191: creating src/Makefile
config.status:1191: creating protobuf.pc
config.status:1191: creating protobuf-lite.pc
config.status:1191: creating config.h
config.status:1371: config.h is unchanged
config.status:1419: executing depfiles commands
config.status:1419: executing libtool commands
configure:19377: === configuring in gtest (/home/HaustWang/Push/server/opensource/protobuf-2.5.0/gtest)
configure:19440: running /bin/sh ./configure --disable-option-checking '--prefix=/home/HaustWang/Push/server/opensource/libs'  --cache-file=/dev/null --srcdir=.

## ---------------- ##
## Cache variables. ##
## ---------------- ##

ac_cv_build=x86_64-unknown-linux-gnu
ac_cv_c_compiler_gnu=yes
ac_cv_cxx_compiler_gnu=yes
ac_cv_cxx_hash_map='<ext/hash_map>'
ac_cv_cxx_hash_map_class=hash_map
ac_cv_cxx_hash_namespace=__gnu_cxx
ac_cv_cxx_hash_set='<ext/hash_set>'
ac_cv_cxx_hash_set_class=hash_set
ac_cv_env_CCC_set=
ac_cv_env_CCC_value=
ac_cv_env_CC_set=
ac_cv_env_CC_value=
ac_cv_env_CFLAGS_set=
ac_cv_env_CFLAGS_value=
ac_cv_env_CPPFLAGS_set=
ac_cv_env_CPPFLAGS_value=
ac_cv_env_CXXCPP_set=
ac_cv_env_CXXCPP_value=
ac_cv_env_CXXFLAGS_set=
ac_cv_env_CXXFLAGS_value=
ac_cv_env_CXX_set=
ac_cv_env_CXX_value=
ac_cv_env_LDFLAGS_set=
ac_cv_env_LDFLAGS_value=
ac_cv_env_LIBS_set=
ac_cv_env_LIBS_value=
ac_cv_env_build_alias_set=
ac_cv_env_build_alias_value=
ac_cv_env_host_alias_set=
ac_cv_env_host_alias_value=
ac_cv_env_target_alias_set=
ac_cv_env_target_alias_value=
ac_cv_func_ftruncate=yes
ac_cv_func_memcmp_working=yes
ac_cv_func_memset=yes
ac_cv_func_mkdir=yes
ac_cv_func_strchr=yes
ac_cv_func_strerror=yes
ac_cv_func_strtod=yes
ac_cv_func_strtol=yes
ac_cv_have_decl___SUNPRO_CC=no
ac_cv_header_dlfcn_h=yes
ac_cv_header_fcntl_h=yes
ac_cv_header_inttypes_h=yes
ac_cv_header_limits_h=yes
ac_cv_header_memory_h=yes
ac_cv_header_minix_config_h=no
ac_cv_header_stdc=yes
ac_cv_header_stdint_h=yes
ac_cv_header_stdlib_h=yes
ac_cv_header_string_h=yes
ac_cv_header_strings_h=yes
ac_cv_header_sys_stat_h=yes
ac_cv_header_sys_types_h=yes
ac_cv_header_unistd_h=yes
ac_cv_host=x86_64-unknown-linux-gnu
ac_cv_objext=o
ac_cv_path_EGREP='/bin/grep -E'
ac_cv_path_FGREP='/bin/grep -F'
ac_cv_path_GREP=/bin/grep
ac_cv_path_SED=/bin/sed
ac_cv_path_install='/usr/bin/install -c'
ac_cv_path_mkdir=/bin/mkdir
ac_cv_prog_AWK=gawk
ac_cv_prog_CXXCPP='g++ -E'
ac_cv_prog_ac_ct_AR=ar
ac_cv_prog_ac_ct_CC=gcc
ac_cv_prog_ac_ct_CXX=g++
ac_cv_prog_ac_ct_OBJDUMP=objdump
ac_cv_prog_ac_ct_RANLIB=ranlib
ac_cv_prog_ac_ct_STRIP=strip
ac_cv_prog_cc_c89=
ac_cv_prog_cc_g=yes
ac_cv_prog_cxx_g=yes
ac_cv_prog_make_make_set=yes
ac_cv_safe_to_define___extensions__=yes
ac_cv_search_zlibVersion=-lz
ac_cv_target=x86_64-unknown-linux-gnu
am_cv_CC_dependencies_compiler_type=gcc3
am_cv_CXX_dependencies_compiler_type=gcc3
lt_cv_ar_at_file=@
lt_cv_archive_cmds_need_lc=no
lt_cv_deplibs_check_method=pass_all
lt_cv_file_magic_cmd='$MAGIC_CMD'
lt_cv_file_magic_test_file=
lt_cv_ld_reload_flag=-r
lt_cv_nm_interface='BSD nm'
lt_cv_objdir=.libs
lt_cv_path_LD=/usr/bin/ld
lt_cv_path_LDCXX='/usr/bin/ld -m elf_x86_64'
lt_cv_path_NM='/usr/bin/nm -B'
lt_cv_path_mainfest_tool=no
lt_cv_prog_compiler_c_o=yes
lt_cv_prog_compiler_c_o_CXX=yes
lt_cv_prog_compiler_pic='-fPIC -DPIC'
lt_cv_prog_compiler_pic_CXX='-fPIC -DPIC'
lt_cv_prog_compiler_pic_works=yes
lt_cv_prog_compiler_pic_works_CXX=yes
lt_cv_prog_compiler_rtti_exceptions=no
lt_cv_prog_compiler_static_works=yes
lt_cv_prog_compiler_static_works_CXX=yes
lt_cv_prog_gnu_ld=yes
lt_cv_prog_gnu_ldcxx=yes
lt_cv_sharedlib_from_linklib_cmd='printf %s\n'
lt_cv_shlibpath_overrides_runpath=no
lt_cv_sys_global_symbol_pipe='sed -n -e '\''s/^.*[	 ]\([ABCDGIRSTW][ABCDGIRSTW]*\)[	 ][	 ]*\([_A-Za-z][_A-Za-z0-9]*\)$/\1 \2 \2/p'\'' | sed '\''/ __gnu_lto/d'\'''
lt_cv_sys_global_symbol_to_c_name_address='sed -n -e '\''s/^: \([^ ]*\)[ ]*$/  {\"\1\", (void *) 0},/p'\'' -e '\''s/^[ABCDGIRSTW]* \([^ ]*\) \([^ ]*\)$/  {"\2", (void *) \&\2},/p'\'''
lt_cv_sys_global_symbol_to_c_name_address_lib_prefix='sed -n -e '\''s/^: \([^ ]*\)[ ]*$/  {\"\1\", (void *) 0},/p'\'' -e '\''s/^[ABCDGIRSTW]* \([^ ]*\) \(lib[^ ]*\)$/  {"\2", (void *) \&\2},/p'\'' -e '\''s/^[ABCDGIRSTW]* \([^ ]*\) \([^ ]*\)$/  {"lib\2", (void *) \&\2},/p'\'''
lt_cv_sys_global_symbol_to_cdecl='sed -n -e '\''s/^T .* \(.*\)$/extern int \1();/p'\'' -e '\''s/^[ABCDGIRSTW]* .* \(.*\)$/extern char \1;/p'\'''
lt_cv_sys_max_cmd_len=98304
lt_cv_to_host_file_cmd=func_convert_file_noop
lt_cv_to_tool_file_cmd=func_convert_file_noop

## ----------------- ##
## Output variables. ##
## ----------------- ##

ACLOCAL='${SHELL} /home/HaustWang/Push/server/opensource/protobuf-2.5.0/missing --run aclocal-1.11'
AMDEPBACKSLASH='\'
AMDEP_FALSE='#'
AMDEP_TRUE=''
AMTAR='${SHELL} /home/HaustWang/Push/server/opensource/protobuf-2.5.0/missing --run tar'
AR='ar'
AUTOCONF='${SHELL} /home/HaustWang/Push/server/opensource/protobuf-2.5.0/missing --run autoconf'
AUTOHEADER='${SHELL} /home/HaustWang/Push/server/opensource/protobuf-2.5.0/missing --run autoheader'
AUTOMAKE='${SHELL} /home/HaustWang/Push/server/opensource/protobuf-2.5.0/missing --run automake-1.11'
AWK='gawk'
CC='gcc'
CCDEPMODE='depmode=gcc3'
CFLAGS=''
CPPFLAGS=''
CXX='g++'
CXXCPP='g++ -E'
CXXDEPMODE='depmode=gcc3'
CXXFLAGS=' -g -DNDEBUG'
CYGPATH_W='echo'
DEFS='-DHAVE_CONFIG_H'
DEPDIR='.deps'
DLLTOOL='false'
DSYMUTIL=''
DUMPBIN=''
ECHO_C=''
ECHO_N='-n'
ECHO_T=''
EGREP='/bin/grep -E'
EXEEXT=''
FGREP='/bin/grep -F'
GCC_FALSE='#'
GCC_TRUE=''
GREP='/bin/grep'
HAVE_ZLIB_FALSE='#'
HAVE_ZLIB_TRUE=''
INSTALL_DATA='${INSTALL} -m 644'
INSTALL_PROGRAM='${INSTALL}'
INSTALL_SCRIPT='${INSTALL}'
INSTALL_STRIP_PROGRAM='$(install_sh) -c -s'
ISAINFO=''
LD='/usr/bin/ld -m elf_x86_64'
LDFLAGS=''
LIBOBJS=''
LIBS='-lz '
LIBTOOL='$(SHELL) $(top_builddir)/libtool'
LIPO=''
LN_S='ln -s'
LTLIBOBJS=''
MAINT=''
MAINTAINER_MODE_FALSE='#'
MAINTAINER_MODE_TRUE=''
MAKEINFO='${SHELL} /home/HaustWang/Push/server/opensource/protobuf-2.5.0/missing --run makeinfo'
MANIFEST_TOOL=':'
MKDIR_P='/bin/mkdir -p'
NM='/usr/bin/nm -B'
NMEDIT=''
OBJDUMP='objdump'
OBJEXT='o'
OTOOL64=''
OTOOL=''
PACKAGE='protobuf'
PACKAGE_BUGREPORT='protobuf@googlegroups.com'
PACKAGE_NAME='Protocol Buffers'
PACKAGE_STRING='Protocol Buffers 2.5.0'
PACKAGE_TARNAME='protobuf'
PACKAGE_URL=''
PACKAGE_VERSION='2.5.0'
PATH_SEPARATOR=':'
POW_LIB=''
PROTOBUF_OPT_FLAG='-O2'
PROTOC=''
PTHREAD_CC='gcc'
PTHREAD_CFLAGS='-pthread'
PTHREAD_LIBS=' -lpthread'
RANLIB='ranlib'
SED='/bin/sed'
SET_MAKE=''
SHELL='/bin/sh'
STRIP='strip'
USE_EXTERNAL_PROTOC_FALSE=''
USE_EXTERNAL_PROTOC_TRUE='#'
VERSION='2.5.0'
ac_ct_AR='ar'
ac_ct_CC='gcc'
ac_ct_CXX='g++'
ac_ct_DUMPBIN=''
acx_pthread_config=''
am__EXEEXT_FALSE=''
am__EXEEXT_TRUE='#'
am__fastdepCC_FALSE='#'
am__fastdepCC_TRUE=''
am__fastdepCXX_FALSE='#'
am__fastdepCXX_TRUE=''
am__include='include'
am__isrc=''
am__leading_dot='.'
am__quote=''
am__tar='${AMTAR} chof - "$$tardir"'
am__untar='${AMTAR} xf -'
bindir='${exec_prefix}/bin'
build='x86_64-unknown-linux-gnu'
build_alias=''
build_cpu='x86_64'
build_os='linux-gnu'
build_vendor='unknown'
datadir='${datarootdir}'
datarootdir='${prefix}/share'
docdir='${datarootdir}/doc/${PACKAGE_TARNAME}'
dvidir='${docdir}'
exec_prefix='${prefix}'
host='x86_64-unknown-linux-gnu'
host_alias=''
host_cpu='x86_64'
host_os='linux-gnu'
host_vendor='unknown'
htmldir='${docdir}'
includedir='${prefix}/include'
infodir='${datarootdir}/info'
install_sh='${SHELL} /home/HaustWang/Push/server/opensource/protobuf-2.5.0/install-sh'
libdir='${exec_prefix}/lib'
libexecdir='${exec_prefix}/libexec'
localedir='${datarootdir}/locale'
localstatedir='${prefix}/var'
mandir='${datarootdir}/man'
mkdir_p='/bin/mkdir -p'
oldincludedir='/usr/include'
pdfdir='${docdir}'
prefix='/home/HaustWang/Push/server/opensource/libs'
program_transform_name='s,x,x,'
psdir='${docdir}'
sbindir='${exec_prefix}/sbin'
sharedstatedir='${prefix}/com'
subdirs=' gtest'
sysconfdir='${prefix}/etc'
target='x86_64-unknown-linux-gnu'
target_alias=''
target_cpu='x86_64'
target_os='linux-gnu'
target_vendor='unknown'

## ----------- ##
## confdefs.h. ##
## ----------- ##

/* confdefs.h */
#define PACKAGE_NAME "Protocol Buffers"
#define PACKAGE_TARNAME "protobuf"
#define PACKAGE_VERSION "2.5.0"
#define PACKAGE_STRING "Protocol Buffers 2.5.0"
#define PACKAGE_BUGREPORT "protobuf@googlegroups.com"
#define PACKAGE_URL ""
#define PACKAGE "protobuf"
#define VERSION "2.5.0"
#define STDC_HEADERS 1
#define HAVE_SYS_TYPES_H 1
#define HAVE_SYS_STAT_H 1
#define HAVE_STDLIB_H 1
#define HAVE_STRING_H 1
#define HAVE_MEMORY_H 1
#define HAVE_STRINGS_H 1
#define HAVE_INTTYPES_H 1
#define HAVE_STDINT_H 1
#define HAVE_UNISTD_H 1
#define __EXTENSIONS__ 1
#define _ALL_SOURCE 1
#define _GNU_SOURCE 1
#define _POSIX_PTHREAD_SEMANTICS 1
#define _TANDEM_SOURCE 1
#define HAVE_DLFCN_H 1
#define LT_OBJDIR ".libs/"
#define STDC_HEADERS 1
#define HAVE_FCNTL_H 1
#define HAVE_INTTYPES_H 1
#define HAVE_LIMITS_H 1
#define HAVE_STDLIB_H 1
#define HAVE_UNISTD_H 1
#define HAVE_FTRUNCATE 1
#define HAVE_MEMSET 1
#define HAVE_MKDIR 1
#define HAVE_STRCHR 1
#define HAVE_STRERROR 1
#define HAVE_STRTOL 1
#define HAVE_ZLIB 1
#define HAVE_PTHREAD 1
#define HAVE_HASH_MAP 1
#define HAVE_HASH_SET 1
#define HASH_MAP_H <ext/hash_map>
#define HASH_SET_H <ext/hash_set>
#define HASH_NAMESPACE __gnu_cxx
#define HASH_MAP_CLASS hash_map
#define HASH_SET_CLASS hash_set

configure: exit 0
